<?xml version="1.0" encoding="UTF-8"?>
<testsuite name="com.example.networker_test.NetworkerTestApplicationTests" tests="1" skipped="0" failures="0" errors="0" timestamp="2024-08-02T09:47:26" hostname="ip-10-1-1-216" time="0.237">
  <properties/>
  <testcase name="contextLoads()" classname="com.example.networker_test.NetworkerTestApplicationTests" time="0.237"/>
  <system-out><![CDATA[09:47:14.177 [Test worker] DEBUG org.springframework.boot.test.context.SpringBootTestContextBootstrapper - Neither @ContextConfiguration nor @ContextHierarchy found for test class [NetworkerTestApplicationTests]: using SpringBootContextLoader
09:47:14.189 [Test worker] DEBUG org.springframework.test.context.support.AbstractContextLoader - Could not detect default resource locations for test class [com.example.networker_test.NetworkerTestApplicationTests]: no resource found for suffixes {-context.xml, Context.groovy}.
09:47:14.190 [Test worker] INFO org.springframework.test.context.support.AnnotationConfigContextLoaderUtils - Could not detect default configuration classes for test class [com.example.networker_test.NetworkerTestApplicationTests]: NetworkerTestApplicationTests does not declare any static, non-private, non-final, nested classes annotated with @Configuration.
09:47:14.236 [Test worker] DEBUG org.springframework.boot.test.context.SpringBootTestContextBootstrapper - Using ContextCustomizers for test class [NetworkerTestApplicationTests]: [DisableObservabilityContextCustomizer, PropertyMappingContextCustomizer, Customizer, ExcludeFilterContextCustomizer, DuplicateJsonObjectContextCustomizer, MockitoContextCustomizer, TestRestTemplateContextCustomizer]
09:47:14.444 [Test worker] DEBUG org.springframework.context.annotation.ClassPathScanningCandidateComponentProvider - Identified candidate component class: file [/var/www/html/test/build/classes/java/main/com/example/networker_test/NetworkerTestApplication.class]
09:47:14.448 [Test worker] INFO org.springframework.boot.test.context.SpringBootTestContextBootstrapper - Found @SpringBootConfiguration com.example.networker_test.NetworkerTestApplication for test class com.example.networker_test.NetworkerTestApplicationTests
09:47:14.670 [Test worker] DEBUG org.springframework.boot.test.context.SpringBootTestContextBootstrapper - Using TestExecutionListeners for test class [NetworkerTestApplicationTests]: [ServletTestExecutionListener, DirtiesContextBeforeModesTestExecutionListener, ApplicationEventsTestExecutionListener, MockitoTestExecutionListener, DependencyInjectionTestExecutionListener, DirtiesContextTestExecutionListener, TransactionalTestExecutionListener, SqlScriptsTestExecutionListener, EventPublishingTestExecutionListener, RestDocsTestExecutionListener, MockRestServiceServerResetTestExecutionListener, MockMvcPrintOnlyOnFailureTestExecutionListener, WebDriverTestExecutionListener, MockWebServiceServerTestExecutionListener, ResetMocksTestExecutionListener]
09:47:14.673 [Test worker] DEBUG org.springframework.test.context.support.AbstractDirtiesContextTestExecutionListener - Before test class: class [NetworkerTestApplicationTests], class annotated with @DirtiesContext [false] with mode [null]

  .   ____          _            __ _ _
 /\\ / ___'_ __ _ _(_)_ __  __ _ \ \ \ \
( ( )\___ | '_ | '_| | '_ \/ _` | \ \ \ \
 \\/  ___)| |_)| | | | | || (_| |  ) ) ) )
  '  |____| .__|_| |_|_| |_\__, | / / / /
 =========|_|==============|___/=/_/_/_/
 :: Spring Boot ::                (v3.0.1)

2024-08-02T09:47:15.320Z  INFO 2197 --- [    Test worker] c.e.n.NetworkerTestApplicationTests      : Starting NetworkerTestApplicationTests using Java 17.0.12 with PID 2197 (started by ubuntu in /var/www/html/test)
2024-08-02T09:47:15.323Z  INFO 2197 --- [    Test worker] c.e.n.NetworkerTestApplicationTests      : No active profile set, falling back to 1 default profile: "default"
2024-08-02T09:47:17.458Z  INFO 2197 --- [    Test worker] .s.d.r.c.RepositoryConfigurationDelegate : Bootstrapping Spring Data JPA repositories in DEFAULT mode.
2024-08-02T09:47:17.672Z  INFO 2197 --- [    Test worker] .s.d.r.c.RepositoryConfigurationDelegate : Finished Spring Data repository scanning in 200 ms. Found 11 JPA repository interfaces.
2024-08-02T09:47:18.710Z  INFO 2197 --- [    Test worker] o.hibernate.jpa.internal.util.LogHelper  : HHH000204: Processing PersistenceUnitInfo [name: default]
2024-08-02T09:47:18.823Z  INFO 2197 --- [    Test worker] org.hibernate.Version                    : HHH000412: Hibernate ORM core version 6.1.6.Final
2024-08-02T09:47:19.187Z  WARN 2197 --- [    Test worker] org.hibernate.orm.deprecation            : HHH90000021: Encountered deprecated setting [javax.persistence.sharedCache.mode], use [jakarta.persistence.sharedCache.mode] instead
2024-08-02T09:47:19.453Z  INFO 2197 --- [    Test worker] com.zaxxer.hikari.HikariDataSource       : HikariPool-1 - Starting...
2024-08-02T09:47:21.074Z  INFO 2197 --- [    Test worker] com.zaxxer.hikari.pool.HikariPool        : HikariPool-1 - Added connection com.mysql.cj.jdbc.ConnectionImpl@66314fee
2024-08-02T09:47:21.087Z  INFO 2197 --- [    Test worker] com.zaxxer.hikari.HikariDataSource       : HikariPool-1 - Start completed.
2024-08-02T09:47:21.177Z  INFO 2197 --- [    Test worker] SQL dialect                              : HHH000400: Using dialect: org.hibernate.dialect.MySQL8Dialect
2024-08-02T09:47:21.178Z  WARN 2197 --- [    Test worker] org.hibernate.orm.deprecation            : HHH90000026: MySQL8Dialect has been deprecated; use org.hibernate.dialect.MySQLDialect instead
2024-08-02T09:47:24.005Z  INFO 2197 --- [    Test worker] o.h.e.t.j.p.i.JtaPlatformInitiator       : HHH000490: Using JtaPlatform implementation: [org.hibernate.engine.transaction.jta.platform.internal.NoJtaPlatform]
2024-08-02T09:47:24.015Z  INFO 2197 --- [    Test worker] j.LocalContainerEntityManagerFactoryBean : Initialized JPA EntityManagerFactory for persistence unit 'default'
2024-08-02T09:47:25.978Z  WARN 2197 --- [    Test worker] JpaBaseConfiguration$JpaWebConfiguration : spring.jpa.open-in-view is enabled by default. Therefore, database queries may be performed during view rendering. Explicitly configure spring.jpa.open-in-view to disable this warning
2024-08-02T09:47:26.687Z  INFO 2197 --- [    Test worker] c.e.n.NetworkerTestApplicationTests      : Started NetworkerTestApplicationTests in 11.91 seconds (process running for 14.23)
]]></system-out>
  <system-err><![CDATA[]]></system-err>
</testsuite>
